TN:
SF:C:\Source\rust\tiny_graph\src\connections8.rs
FN:15,<impl Deref for Connections8>::deref
FN:25,Connections8::inner
FN:31,Connections8::to_graph
FN:40,Connections8::insert
FN:50,Connections8::from_graph
FN:89,Connections8::iter
FN:101,<impl Display for Connections8>::fmt
FN:119,<impl From for Connections8>::from
FN:125,<impl From for Graph8>::from
FN:186,ConnectionKey::from_indexes
FN:191,ConnectionKey::to_indexes
FN:199,<impl From for ConnectionKey>::from
FNF:12
FNDA:72057594037927936,<impl Deref for Connections8>::deref
FNDA:72057594037927936,Connections8::inner
FNDA:216172782113783808,Connections8::to_graph
FNDA:72057594037927936,Connections8::insert
FNDA:792633534417207296,Connections8::from_graph
FNDA:360287970189639680,Connections8::iter
FNDA:144115188075855872,<impl Display for Connections8>::fmt
FNDA:72057594037927936,<impl From for Connections8>::from
FNDA:72057594037927936,<impl From for Graph8>::from
FNDA:72057594037927936,ConnectionKey::from_indexes
FNDA:1224979098644774912,ConnectionKey::to_indexes
FNDA:72057594037927936,<impl From for ConnectionKey>::from
DA:15,72057594037927936
DA:16,72057594037927936
DA:25,72057594037927936
DA:26,72057594037927936
DA:31,216172782113783808
DA:32,216172782113783808
DA:33,1657324662872342528
DA:34,720575940379279360
DA:35,720575940379279360
DA:37,216172782113783808
DA:40,72057594037927936
DA:41,72057594037927936
DA:42,72057594037927936
DA:43,72057594037927936
DA:44,0
DA:45,0
DA:47,72057594037927936
DA:50,792633534417207296
DA:52,792633534417207296
DA:53,792633534417207296
DA:54,4251398048237748224
DA:55,1729382256910270464
DA:56,1729382256910270464
DA:58,1729382256910270464
DA:60,1729382256910270464
DA:61,1729382256910270464
DA:62,1729382256910270464
DA:66,792633534417207296
DA:89,360287970189639680
DA:96,1945555039024054272
DA:101,144115188075855872
DA:102,144115188075855872
DA:103,648518346341351424
DA:104,504403158265495552
DA:106,504403158265495552
DA:107,144115188075855872
DA:109,360287970189639680
DA:111,504403158265495552
DA:114,144115188075855872
DA:119,72057594037927936
DA:120,72057594037927936
DA:125,72057594037927936
DA:126,72057594037927936
DA:186,72057594037927936
DA:187,72057594037927936
DA:188,72057594037927936
DA:191,1224979098644774912
DA:192,1224979098644774912
DA:194,1224979098644774912
DA:199,72057594037927936
DA:200,72057594037927936
LF:51
LH:49
end_of_record
TN:
SF:C:\Source\rust\tiny_graph\src\graph8.rs
FN:29,Graph8::insert
FN:36,Graph8::active_nodes
FN:51,Graph8::iter_subgraph_permutations
FN:68,Graph8::is_super_graph
FN:83,Graph8::could_be_super_graph
FN:90,Graph8::could_be_super_graph::calculate_counts
FN:127,Graph8::is_unchanged_under_permutation
FN:139,Graph8::apply_permutation
FN:147,Graph8::find_mapping_permutation
FN:212,Graph8::find_min_connections_set
FN:220,Graph8::find_min_connections_set_with_cache
FN:224,Graph8::find_min_connections_set_with_cache::find_next_target_adjacencies
FN:246,Graph8::find_min_connections_set_with_cache::find_min_thin_graph_inner
FN:355,Graph8::swap_nodes
FN:370,Graph8::to_connection_set
FN:375,Graph8::count_connections
FN:379,Graph8::iter_paths
FN:385,<impl Display for Graph8>::fmt
FN:406,<impl FromStr for Graph8>::from_str
FNF:19
FNDA:6196953087261802496,Graph8::insert
FNDA:1369094286720630784,Graph8::active_nodes
FNDA:72057594037927936,Graph8::iter_subgraph_permutations
FNDA:1945555039024054272,Graph8::is_super_graph
FNDA:0,Graph8::could_be_super_graph
FNDA:0,Graph8::could_be_super_graph::calculate_counts
FNDA:144115188075855872,Graph8::is_unchanged_under_permutation
FNDA:2666130979403333632,Graph8::apply_permutation
FNDA:144115188075855872,Graph8::find_mapping_permutation
FNDA:144115188075855872,Graph8::find_min_connections_set
FNDA:144115188075855872,Graph8::find_min_connections_set_with_cache
FNDA:288230376151711744,Graph8::find_min_connections_set_with_cache::find_next_target_adjacencies
FNDA:648518346341351424,Graph8::find_min_connections_set_with_cache::find_min_thin_graph_inner
FNDA:4899916394579099648,Graph8::swap_nodes
FNDA:720575940379279365,Graph8::to_connection_set
FNDA:72057594037927936,Graph8::count_connections
FNDA:0,Graph8::iter_paths
FNDA:1224979098644774912,<impl Display for Graph8>::fmt
FNDA:1873497444986126336,<impl FromStr for Graph8>::from_str
DA:29,6196953087261802496
DA:30,6196953087261802496
DA:31,6196953087261802496
DA:36,1369094286720630784
DA:37,1369094286720630784
DA:39,15636497906230362112
DA:40,6485183463413514240
DA:41,6485183463413514240
DA:43,1297036692682702848
DA:46,72057594037927936
DA:51,72057594037927936
DA:55,72057594037927936
DA:56,72057594037927936
DA:57,1801439850948198400
DA:58,1729382256910270464
DA:59,1729382256910270464
DA:61,1729382256910270464
DA:64,72057594037927936
DA:68,1945555039024054272
DA:69,1945555039024054272
DA:70,10160120759347838976
DA:71,9151314442816847872
DA:72,9151314442816847872
DA:74,9151314442816847872
DA:75,936748722493063168
DA:77,8214565720323784704
DA:79,1008806316530991104
DA:83,0
DA:90,0
DA:91,0
DA:92,0
DA:93,0
DA:94,0
DA:95,0
DA:96,0
DA:97,0
DA:98,0
DA:108,0
DA:109,0
DA:111,0
DA:112,0
DA:113,0
DA:115,0
DA:117,0
DA:118,0
DA:121,0
DA:122,0
DA:127,144115188075855872
DA:128,144115188075855872
DA:129,432345564227567616
DA:130,288230376151711744
DA:131,288230376151711744
DA:132,72057594037927936
DA:134,216172782113783808
DA:136,72057594037927936
DA:139,2666130979403333632
DA:140,2810246167479189504
DA:141,9295429630892703744
DA:142,9295429630892703744
DA:143,9295429630892703744
DA:147,144115188075855872
DA:148,1441151880758558720
DA:150,144115188075855872
DA:152,144115188075855872
DA:155,144115188075855872
DA:156,144115188075855872
DA:157,144115188075855872
DA:158,144115188075855872
DA:159,1441151880758558720
DA:160,936748722493063168
DA:163,144115188075855872
DA:166,13330654897016668160
DA:168,6917529027641081856
DA:169,6413125869375586304
DA:170,6413125869375586304
DA:171,72057594037927936
DA:174,6341068275337658368
DA:176,6341068275337658368
DA:184,6845471433603153920
DA:185,72057594037927936
DA:188,6845471433603153920
DA:189,6845471433603153920
DA:190,6845471433603153920
DA:191,6845471433603153920
DA:194,6845471433603153920
DA:195,6845471433603153920
DA:196,6845471433603153920
DA:197,6845471433603153920
DA:198,18374686479671623680
DA:199,11529215046068469760
DA:200,8935141660703064065
DA:202,2377900603251621888
DA:204,6845471433603153920
DA:206,6845471433603153920
DA:212,144115188075855872
DA:213,144115188075855872
DA:214,144115188075855872
DA:217,432345564227567616
DA:220,144115188075855872
DA:224,288230376151711744
DA:225,288230376151711744
DA:227,1441151880758558720
DA:229,1152921504606846976
DA:230,1152921504606846976
DA:232,2233785415175766016
DA:233,1080863910568919040
DA:235,1152921504606846976
DA:236,72057594037927936
DA:241,1080863910568919040
DA:243,216172782113783808
DA:246,648518346341351424
DA:251,648518346341351424
DA:253,1297036692682702848
DA:254,72057594037927936
DA:256,864691128455135232
DA:257,288230376151711744
DA:259,288230376151711744
DA:261,288230376151711744
DA:263,792633534417207296
DA:264,504403158265495552
DA:265,504403158265495552
DA:266,504403158265495552
DA:267,504403158265495552
DA:270,504403158265495552
DA:273,576460752303423488
DA:275,288230376151711744
DA:285,144115188075855872
DA:286,144115188075855872
DA:355,4899916394579099648
DA:357,4899916394579099648
DA:358,11096869481840902145
DA:361,12249790986447749119
DA:363,11529215046068469760
DA:364,5764607523034234880
DA:370,720575940379279365
DA:371,720575940379279365
DA:375,72057594037927936
DA:376,720575940379279360
DA:379,0
DA:380,0
DA:385,1224979098644774912
DA:386,1224979098644774912
DA:387,11024811887802974208
DA:388,15708555500268290048
DA:390,3819052484010180608
DA:391,1224979098644774912
DA:393,2594073385365405696
DA:395,3819052484010180608
DA:399,1224979098644774912
DA:406,1873497444986126336
DA:407,1873497444986126336
DA:409,7349874591868649472
DA:410,5476377146882523136
DA:411,5404319552844595200
DA:413,10808639105689190400
DA:414,5404319552844595200
DA:420,1873497444986126336
LF:157
LH:135
end_of_record
TN:
SF:C:\Source\rust\tiny_graph\src\graph_path_iter.rs
FN:15,GraphPathIter::new
FN:31,<impl Iterator for GraphPathIter>::next
FN:73,<impl Display for GraphPath8>::fmt
FNF:3
FNDA:72057594037927938,GraphPathIter::new
FNDA:3386706919782612992,<impl Iterator for GraphPathIter>::next
FNDA:3314649325744685056,<impl Display for GraphPath8>::fmt
DA:15,72057594037927938
DA:16,72057594037927938
DA:17,72057594037927938
DA:21,72057594037927938
DA:31,3386706919782612992
DA:33,10664523917613334528
DA:35,3314649325744685056
DA:36,1945555039024054272
DA:38,3746994889972252672
DA:39,1873497444986126336
DA:42,1945555039024054272
DA:45,3314649325744685056
DA:47,3314649325744685056
DA:49,3314649325744685056
DA:50,1441151880758558720
DA:51,1441151880758558720
DA:53,1441151880758558720
DA:55,1873497444986126336
DA:56,1873497444986126336
DA:57,1873497444986126336
DA:59,1873497444986126336
DA:60,1873497444986126336
DA:73,3314649325744685056
DA:74,12249790986447749120
DA:75,8935141660703064064
DA:76,5620492334958379008
DA:78,8935141660703064064
DA:81,3314649325744685056
LF:28
LH:28
end_of_record
TN:
SF:C:\Source\rust\tiny_graph\src\graph_permutation8.rs
FN:10,GraphPermutation8::inner
FN:14,GraphPermutation8::from_inner
FN:19,GraphPermutation8::swaps
FN:26,GraphPermutation8::try_from_swaps
FN:40,GraphPermutation8::apply_to_slice
FN:46,GraphPermutation8::all_for_n_elements
FN:81,Swap::apply
FN:91,<impl Iterator for SwapsIter8>::next
FNF:8
FNDA:0,GraphPermutation8::inner
FNDA:144115188075855872,GraphPermutation8::from_inner
FNDA:1729382256910270464,GraphPermutation8::swaps
FNDA:8718968878589280256,GraphPermutation8::try_from_swaps
FNDA:8646911284551352322,GraphPermutation8::apply_to_slice
FNDA:216172782113783809,GraphPermutation8::all_for_n_elements
FNDA:3891110078048108545,Swap::apply
FNDA:864691128455135232,<impl Iterator for SwapsIter8>::next
DA:10,0
DA:11,0
DA:14,144115188075855872
DA:15,288230376151711744
DA:16,144115188075855872
DA:19,1729382256910270464
DA:21,1729382256910270464
DA:26,8718968878589280256
DA:27,8718968878589280256
DA:28,8718968878589280256
DA:29,13186539708940812288
DA:30,4467570830351532032
DA:31,4467570830351532032
DA:33,8935141660703064064
DA:34,0
DA:35,0
DA:37,8718968878589280256
DA:40,8646911284551352322
DA:41,16429131440647569410
DA:42,3891110078048108544
DA:46,216172782113783809
DA:50,1008806316530991106
DA:81,3891110078048108545
DA:82,3891110078048108545
DA:91,864691128455135232
DA:92,864691128455135232
DA:93,1657324662872342534
DA:96,17654110539292344314
DA:97,17654110539292344314
DA:99,17654110539292344314
DA:100,17654110539292344314
DA:102,17654110539292344314
DA:103,17654110539292344314
LF:33
LH:29
end_of_record
TN:
SF:C:\Source\rust\tiny_graph\src\lib.rs
FN:12,<impl From for NodeIndex>::from
FNF:1
FNDA:0,<impl From for NodeIndex>::from
DA:12,0
DA:13,0
LF:2
LH:0
end_of_record
